
PLAY [actionlist 4] ************************************************************

TASK [Gathering Facts] *********************************************************
ok: [10.0.2.11]

TASK [set_fact] ****************************************************************
ok: [10.0.2.11]

TASK [debug] *******************************************************************
ok: [10.0.2.11] => {
    "diag": "Configure administrator privileges"
}

TASK [debug] *******************************************************************
ok: [10.0.2.11] => {
    "num": 4
}

TASK [set_fact] ****************************************************************
ok: [10.0.2.11]

TASK [debug] *******************************************************************
ok: [10.0.2.11] => {
    "msg": [
        {
            "grantee": "OGG_CAPTURE",
            "privilege": "DEQUEUE ANY QUEUE"
        },
        {
            "grantee": "OGG_CAPTURE",
            "privilege": "CREATE RULE SET"
        },
        {
            "grantee": "OGG_CAPTURE",
            "privilege": "CREATE RULE"
        },
        {
            "grantee": "OGG_CAPTURE",
            "privilege": "CREATE EVALUATION CONTEXT"
        },
        {
            "grantee": "DV_ACCTMGR",
            "privilege": "CREATE SESSION"
        },
        {
            "grantee": "OGG_APPLY",
            "privilege": "CREATE RULE"
        },
        {
            "grantee": "OGG_APPLY",
            "privilege": "CREATE RULE SET"
        },
        {
            "grantee": "OGG_APPLY",
            "privilege": "DEQUEUE ANY QUEUE"
        },
        {
            "grantee": "OGG_APPLY",
            "privilege": "CREATE EVALUATION CONTEXT"
        },
        {
            "grantee": "XSTREAM_CAPTURE",
            "privilege": "CREATE RULE"
        },
        {
            "grantee": "XSTREAM_CAPTURE",
            "privilege": "DEQUEUE ANY QUEUE"
        },
        {
            "grantee": "XSTREAM_CAPTURE",
            "privilege": "CREATE EVALUATION CONTEXT"
        },
        {
            "grantee": "XSTREAM_CAPTURE",
            "privilege": "CREATE RULE SET"
        },
        {
            "grantee": "GSMADMIN_INTERNAL",
            "privilege": "ALTER DATABASE LINK"
        },
        {
            "grantee": "GSMADMIN_INTERNAL",
            "privilege": "CREATE SESSION"
        },
        {
            "grantee": "GSMADMIN_INTERNAL",
            "privilege": "CREATE DATABASE LINK"
        },
        {
            "grantee": "XSTREAM_APPLY",
            "privilege": "CREATE RULE"
        },
        {
            "grantee": "XSTREAM_APPLY",
            "privilege": "CREATE RULE SET"
        },
        {
            "grantee": "XSTREAM_APPLY",
            "privilege": "CREATE EVALUATION CONTEXT"
        },
        {
            "grantee": "XSTREAM_APPLY",
            "privilege": "DEQUEUE ANY QUEUE"
        },
        {
            "grantee": "SYSKM",
            "privilege": "ADMINISTER KEY MANAGEMENT"
        },
        {
            "grantee": "GSMUSER_ROLE",
            "privilege": "CREATE DATABASE LINK"
        }
    ]
}

TASK [debug] *******************************************************************
ok: [10.0.2.11] => {
    "msg": "조치완료"
}

TASK [set_fact] ****************************************************************
ok: [10.0.2.11]

TASK [copy] ********************************************************************
ok: [10.0.2.11 -> localhost]

TASK [debug] *******************************************************************
ok: [10.0.2.11] => {
    "result": {
        "details": [
            "The previously mentioned admin privileges for grantee and privilege set have been successfully revoked."
        ],
        "diag": "Configure administrator privileges",
        "num": 4,
        "status": "Action Completed"
    }
}

PLAY RECAP *********************************************************************
10.0.2.11                  : ok=10   changed=0    unreachable=0    failed=0    skipped=0    rescued=0    ignored=0   

