
PLAY [checklist 6] *************************************************************

TASK [Gathering Facts] *********************************************************
ok: [10.0.2.11]

TASK [set_fact] ****************************************************************
ok: [10.0.2.11]

TASK [debug] *******************************************************************
ok: [10.0.2.11] => {
    "diag": "Remove user access to system tables"
}

TASK [debug] *******************************************************************
ok: [10.0.2.11] => {
    "num": 6
}

TASK [set_fact] ****************************************************************
ok: [10.0.2.11]

TASK [debug] *******************************************************************
ok: [10.0.2.11] => {
    "msg": [
        "SYS",
        "AUDSYS",
        "DVSYS"
    ]
}

TASK [debug] *******************************************************************
ok: [10.0.2.11] => {
    "msg": "조치완료"
}

TASK [set_fact] ****************************************************************
ok: [10.0.2.11]

TASK [copy] ********************************************************************
ok: [10.0.2.11 -> localhost]

TASK [debug] *******************************************************************
ok: [10.0.2.11] => {
    "result": {
        "details": [
            "Access to tables restricted to DBA only named SYS, AUDSYS, DVSYS has been configured to prevent access by general users."
        ],
        "diag": "Remove user access to system tables",
        "num": 6,
        "status": "Action Completed"
    }
}

PLAY RECAP *********************************************************************
10.0.2.11                  : ok=10   changed=0    unreachable=0    failed=0    skipped=0    rescued=0    ignored=0   

