
PLAY [checklist 12] ************************************************************

TASK [Gathering Facts] *********************************************************
ok: [10.0.2.11]

TASK [set_fact] ****************************************************************
ok: [10.0.2.11]

TASK [debug] *******************************************************************
ok: [10.0.2.11] => {
    "diag": "Enable logging"
}

TASK [debug] *******************************************************************
ok: [10.0.2.11] => {
    "num": 12
}

TASK [SQL Shell] ***************************************************************
changed: [10.0.2.11]

TASK [set_fact] ****************************************************************
ok: [10.0.2.11]

TASK [debug] *******************************************************************
ok: [10.0.2.11] => {
    "msg": [
        "",
        "SQL*Plus: Release 23.0.0.0.0 - for Oracle Cloud and Engineered Systems on Mon Oct 28 03:46:49 2024",
        "Version 23.5.0.24.07",
        "",
        "Copyright (c) 1982, 2024, Oracle.  All rights reserved.",
        "",
        "Last Successful login time: Mon Oct 28 2024 03:46:37 +00:00",
        "",
        "Connected to:",
        "Oracle Database 23ai Free Release 23.0.0.0.0 - Develop, Learn, and Run for Free",
        "Version 23.5.0.24.07",
        "",
        "SQL> ",
        "NAME      TYPE  VALUE",
        "------------------------------------ ----------- ------------------------------",
        "audit_trail      string  NONE",
        "SQL> Disconnected from Oracle Database 23ai Free Release 23.0.0.0.0 - Develop, Learn, and Run for Free",
        "Version 23.5.0.24.07"
    ]
}

TASK [set_fact] ****************************************************************
ok: [10.0.2.11]

TASK [debug] *******************************************************************
ok: [10.0.2.11] => {
    "msg": [
        "audit_trail      string  NONE"
    ]
}

TASK [set_fact] ****************************************************************
ok: [10.0.2.11]

TASK [debug] *******************************************************************
ok: [10.0.2.11] => {
    "msg": "  weak\n"
}

TASK [set_fact] ****************************************************************
ok: [10.0.2.11]

TASK [debug] *******************************************************************
ok: [10.0.2.11] => {
    "weak": "{{weak}}"
}

TASK [debug] *******************************************************************
skipping: [10.0.2.11]

TASK [set_fact] ****************************************************************
skipping: [10.0.2.11]

TASK [copy] ********************************************************************
skipping: [10.0.2.11]

TASK [debug] *******************************************************************
ok: [10.0.2.11] => {
    "msg": "취약"
}

TASK [set_fact] ****************************************************************
ok: [10.0.2.11]

TASK [copy] ********************************************************************
ok: [10.0.2.11 -> localhost]

TASK [debug] *******************************************************************
skipping: [10.0.2.11]

TASK [set_fact] ****************************************************************
skipping: [10.0.2.11]

TASK [copy] ********************************************************************
skipping: [10.0.2.11]

TASK [debug] *******************************************************************
ok: [10.0.2.11] => {
    "result": {
        "diag": "Enable logging",
        "how_action": [
            "Action will apply the audit log storage policy for the DBMS. Do you want to proceed? "
        ],
        "num": 12,
        "reason": [
            "The audit log storage policy for the DBMS is not applied."
        ],
        "weak": true
    }
}

PLAY RECAP *********************************************************************
10.0.2.11                  : ok=17   changed=1    unreachable=0    failed=0    skipped=6    rescued=0    ignored=0   

