
PLAY [checklist 3] *************************************************************

TASK [Gathering Facts] *********************************************************
ok: [10.0.2.11]

TASK [set_fact] ****************************************************************
ok: [10.0.2.11]

TASK [debug] *******************************************************************
ok: [10.0.2.11] => {
    "diag": "Align security policies and password policies"
}

TASK [debug] *******************************************************************
ok: [10.0.2.11] => {
    "num": 3
}

TASK [SQL shell] ***************************************************************
changed: [10.0.2.11]

TASK [SQL shell] ***************************************************************
changed: [10.0.2.11]

TASK [set_fact] ****************************************************************
ok: [10.0.2.11]

TASK [Extract RESOURCE_NAMEs with 'UNLIMITED' limit] ***************************
ok: [10.0.2.11]

TASK [debug] *******************************************************************
ok: [10.0.2.11] => {
    "msg": [
        "PASSWORD_REUSE_MAX",
        "PASSWORD_VERIFY_FUNCTION",
        "PASSWORD_REUSE_TIME"
    ]
}

TASK [set_fact] ****************************************************************
ok: [10.0.2.11]

TASK [debug] *******************************************************************
ok: [10.0.2.11] => {
    "weak": true
}

TASK [debug] *******************************************************************
skipping: [10.0.2.11]

TASK [set_fact] ****************************************************************
skipping: [10.0.2.11]

TASK [copy] ********************************************************************
skipping: [10.0.2.11]

TASK [debug] *******************************************************************
ok: [10.0.2.11] => {
    "msg": "취약"
}

TASK [set_fact] ****************************************************************
ok: [10.0.2.11]

TASK [copy] ********************************************************************
changed: [10.0.2.11 -> localhost]

TASK [debug] *******************************************************************
skipping: [10.0.2.11]

TASK [set_fact] ****************************************************************
skipping: [10.0.2.11]

TASK [copy] ********************************************************************
skipping: [10.0.2.11]

TASK [debug] *******************************************************************
ok: [10.0.2.11] => {
    "result": {
        "bypass": [
            {
                "weak_resource_names": [
                    "PASSWORD_REUSE_MAX",
                    "PASSWORD_VERIFY_FUNCTION",
                    "PASSWORD_REUSE_TIME"
                ]
            }
        ],
        "diag": "Align security policies and password policies",
        "dual_second": [
            "Set",
            "new_values"
        ],
        "dual_select": [
            {
                "1": "Set",
                "2": "Temporary"
            }
        ],
        "how_action": [
            " Action will set the PASSWORD_REUSE_MAX, PASSWORD_VERIFY_FUNCTION, PASSWORD_REUSE_TIME setting. You can enter new values. Do you want to proceed? "
        ],
        "num": 3,
        "reason": [
            "Password policy named PASSWORD_REUSE_MAX, PASSWORD_VERIFY_FUNCTION, PASSWORD_REUSE_TIME sets to default."
        ],
        "weak": true
    }
}

PLAY RECAP *********************************************************************
10.0.2.11                  : ok=15   changed=3    unreachable=0    failed=0    skipped=6    rescued=0    ignored=0   

