
PLAY [checklist 4] *************************************************************

TASK [Gathering Facts] *********************************************************
ok: [10.0.2.11]

TASK [set_fact] ****************************************************************
ok: [10.0.2.11]

TASK [debug] *******************************************************************
ok: [10.0.2.11] => {
    "diag": "Configure administrator privileges"
}

TASK [debug] *******************************************************************
ok: [10.0.2.11] => {
    "num": 4
}

TASK [SQL Shell] ***************************************************************
changed: [10.0.2.11]

TASK [SQL Shell Grantee] *******************************************************
changed: [10.0.2.11]

TASK [set_fact] ****************************************************************
ok: [10.0.2.11]

TASK [debug] *******************************************************************
ok: [10.0.2.11] => {
    "msg": [
        "OGG_CAPTURE",
        "OGG_CAPTURE",
        "OGG_CAPTURE",
        "OGG_CAPTURE",
        "DV_ACCTMGR",
        "OGG_APPLY",
        "OGG_APPLY",
        "OGG_APPLY",
        "OGG_APPLY",
        "XSTREAM_CAPTURE",
        "XSTREAM_CAPTURE",
        "XSTREAM_CAPTURE",
        "XSTREAM_CAPTURE",
        "GSMADMIN_INTERNAL",
        "GSMADMIN_INTERNAL",
        "GSMADMIN_INTERNAL",
        "XSTREAM_APPLY",
        "XSTREAM_APPLY",
        "XSTREAM_APPLY",
        "XSTREAM_APPLY",
        "SYSKM",
        "GSMUSER_ROLE"
    ]
}

TASK [SQL Shell Grantee] *******************************************************
changed: [10.0.2.11]

TASK [set_fact] ****************************************************************
ok: [10.0.2.11]

TASK [debug] *******************************************************************
ok: [10.0.2.11] => {
    "msg": [
        "DEQUEUE ANY QUEUE",
        "CREATE RULE SET",
        "CREATE RULE",
        "CREATE EVALUATION CONTEXT",
        "CREATE SESSION",
        "CREATE RULE",
        "CREATE RULE SET",
        "DEQUEUE ANY QUEUE",
        "CREATE EVALUATION CONTEXT",
        "CREATE RULE",
        "DEQUEUE ANY QUEUE",
        "CREATE EVALUATION CONTEXT",
        "CREATE RULE SET",
        "ALTER DATABASE LINK",
        "CREATE SESSION",
        "CREATE DATABASE LINK",
        "CREATE RULE",
        "CREATE RULE SET",
        "CREATE EVALUATION CONTEXT",
        "DEQUEUE ANY QUEUE",
        "ADMINISTER KEY MANAGEMENT",
        "CREATE DATABASE LINK"
    ]
}

TASK [set_fact] ****************************************************************
ok: [10.0.2.11] => (item=['OGG_CAPTURE', 'DEQUEUE ANY QUEUE'])
ok: [10.0.2.11] => (item=['OGG_CAPTURE', 'CREATE RULE SET'])
ok: [10.0.2.11] => (item=['OGG_CAPTURE', 'CREATE RULE'])
ok: [10.0.2.11] => (item=['OGG_CAPTURE', 'CREATE EVALUATION CONTEXT'])
ok: [10.0.2.11] => (item=['DV_ACCTMGR', 'CREATE SESSION'])
ok: [10.0.2.11] => (item=['OGG_APPLY', 'CREATE RULE'])
ok: [10.0.2.11] => (item=['OGG_APPLY', 'CREATE RULE SET'])
ok: [10.0.2.11] => (item=['OGG_APPLY', 'DEQUEUE ANY QUEUE'])
ok: [10.0.2.11] => (item=['OGG_APPLY', 'CREATE EVALUATION CONTEXT'])
ok: [10.0.2.11] => (item=['XSTREAM_CAPTURE', 'CREATE RULE'])
ok: [10.0.2.11] => (item=['XSTREAM_CAPTURE', 'DEQUEUE ANY QUEUE'])
ok: [10.0.2.11] => (item=['XSTREAM_CAPTURE', 'CREATE EVALUATION CONTEXT'])
ok: [10.0.2.11] => (item=['XSTREAM_CAPTURE', 'CREATE RULE SET'])
ok: [10.0.2.11] => (item=['GSMADMIN_INTERNAL', 'ALTER DATABASE LINK'])
ok: [10.0.2.11] => (item=['GSMADMIN_INTERNAL', 'CREATE SESSION'])
ok: [10.0.2.11] => (item=['GSMADMIN_INTERNAL', 'CREATE DATABASE LINK'])
ok: [10.0.2.11] => (item=['XSTREAM_APPLY', 'CREATE RULE'])
ok: [10.0.2.11] => (item=['XSTREAM_APPLY', 'CREATE RULE SET'])
ok: [10.0.2.11] => (item=['XSTREAM_APPLY', 'CREATE EVALUATION CONTEXT'])
ok: [10.0.2.11] => (item=['XSTREAM_APPLY', 'DEQUEUE ANY QUEUE'])
ok: [10.0.2.11] => (item=['SYSKM', 'ADMINISTER KEY MANAGEMENT'])
ok: [10.0.2.11] => (item=['GSMUSER_ROLE', 'CREATE DATABASE LINK'])

TASK [debug] *******************************************************************
ok: [10.0.2.11] => {
    "msg": [
        {
            "grantee": "OGG_CAPTURE",
            "privilege": "DEQUEUE ANY QUEUE"
        },
        {
            "grantee": "OGG_CAPTURE",
            "privilege": "CREATE RULE SET"
        },
        {
            "grantee": "OGG_CAPTURE",
            "privilege": "CREATE RULE"
        },
        {
            "grantee": "OGG_CAPTURE",
            "privilege": "CREATE EVALUATION CONTEXT"
        },
        {
            "grantee": "DV_ACCTMGR",
            "privilege": "CREATE SESSION"
        },
        {
            "grantee": "OGG_APPLY",
            "privilege": "CREATE RULE"
        },
        {
            "grantee": "OGG_APPLY",
            "privilege": "CREATE RULE SET"
        },
        {
            "grantee": "OGG_APPLY",
            "privilege": "DEQUEUE ANY QUEUE"
        },
        {
            "grantee": "OGG_APPLY",
            "privilege": "CREATE EVALUATION CONTEXT"
        },
        {
            "grantee": "XSTREAM_CAPTURE",
            "privilege": "CREATE RULE"
        },
        {
            "grantee": "XSTREAM_CAPTURE",
            "privilege": "DEQUEUE ANY QUEUE"
        },
        {
            "grantee": "XSTREAM_CAPTURE",
            "privilege": "CREATE EVALUATION CONTEXT"
        },
        {
            "grantee": "XSTREAM_CAPTURE",
            "privilege": "CREATE RULE SET"
        },
        {
            "grantee": "GSMADMIN_INTERNAL",
            "privilege": "ALTER DATABASE LINK"
        },
        {
            "grantee": "GSMADMIN_INTERNAL",
            "privilege": "CREATE SESSION"
        },
        {
            "grantee": "GSMADMIN_INTERNAL",
            "privilege": "CREATE DATABASE LINK"
        },
        {
            "grantee": "XSTREAM_APPLY",
            "privilege": "CREATE RULE"
        },
        {
            "grantee": "XSTREAM_APPLY",
            "privilege": "CREATE RULE SET"
        },
        {
            "grantee": "XSTREAM_APPLY",
            "privilege": "CREATE EVALUATION CONTEXT"
        },
        {
            "grantee": "XSTREAM_APPLY",
            "privilege": "DEQUEUE ANY QUEUE"
        },
        {
            "grantee": "SYSKM",
            "privilege": "ADMINISTER KEY MANAGEMENT"
        },
        {
            "grantee": "GSMUSER_ROLE",
            "privilege": "CREATE DATABASE LINK"
        }
    ]
}

TASK [set_fact] ****************************************************************
ok: [10.0.2.11]

TASK [debug] *******************************************************************
ok: [10.0.2.11] => {
    "weak": true
}

TASK [debug] *******************************************************************
skipping: [10.0.2.11]

TASK [set_fact] ****************************************************************
skipping: [10.0.2.11]

TASK [copy] ********************************************************************
skipping: [10.0.2.11]

TASK [debug] *******************************************************************
ok: [10.0.2.11] => {
    "msg": "취약"
}

TASK [set_fact] ****************************************************************
ok: [10.0.2.11]

TASK [copy] ********************************************************************
ok: [10.0.2.11 -> localhost]

TASK [debug] *******************************************************************
skipping: [10.0.2.11]

TASK [set_fact] ****************************************************************
skipping: [10.0.2.11]

TASK [copy] ********************************************************************
skipping: [10.0.2.11]

TASK [debug] *******************************************************************
ok: [10.0.2.11] => {
    "result": {
        "bypass": [
            {
                "weak_gran_priv_list": [
                    {
                        "grantee": "OGG_CAPTURE",
                        "privilege": "DEQUEUE ANY QUEUE"
                    },
                    {
                        "grantee": "OGG_CAPTURE",
                        "privilege": "CREATE RULE SET"
                    },
                    {
                        "grantee": "OGG_CAPTURE",
                        "privilege": "CREATE RULE"
                    },
                    {
                        "grantee": "OGG_CAPTURE",
                        "privilege": "CREATE EVALUATION CONTEXT"
                    },
                    {
                        "grantee": "DV_ACCTMGR",
                        "privilege": "CREATE SESSION"
                    },
                    {
                        "grantee": "OGG_APPLY",
                        "privilege": "CREATE RULE"
                    },
                    {
                        "grantee": "OGG_APPLY",
                        "privilege": "CREATE RULE SET"
                    },
                    {
                        "grantee": "OGG_APPLY",
                        "privilege": "DEQUEUE ANY QUEUE"
                    },
                    {
                        "grantee": "OGG_APPLY",
                        "privilege": "CREATE EVALUATION CONTEXT"
                    },
                    {
                        "grantee": "XSTREAM_CAPTURE",
                        "privilege": "CREATE RULE"
                    },
                    {
                        "grantee": "XSTREAM_CAPTURE",
                        "privilege": "DEQUEUE ANY QUEUE"
                    },
                    {
                        "grantee": "XSTREAM_CAPTURE",
                        "privilege": "CREATE EVALUATION CONTEXT"
                    },
                    {
                        "grantee": "XSTREAM_CAPTURE",
                        "privilege": "CREATE RULE SET"
                    },
                    {
                        "grantee": "GSMADMIN_INTERNAL",
                        "privilege": "ALTER DATABASE LINK"
                    },
                    {
                        "grantee": "GSMADMIN_INTERNAL",
                        "privilege": "CREATE SESSION"
                    },
                    {
                        "grantee": "GSMADMIN_INTERNAL",
                        "privilege": "CREATE DATABASE LINK"
                    },
                    {
                        "grantee": "XSTREAM_APPLY",
                        "privilege": "CREATE RULE"
                    },
                    {
                        "grantee": "XSTREAM_APPLY",
                        "privilege": "CREATE RULE SET"
                    },
                    {
                        "grantee": "XSTREAM_APPLY",
                        "privilege": "CREATE EVALUATION CONTEXT"
                    },
                    {
                        "grantee": "XSTREAM_APPLY",
                        "privilege": "DEQUEUE ANY QUEUE"
                    },
                    {
                        "grantee": "SYSKM",
                        "privilege": "ADMINISTER KEY MANAGEMENT"
                    },
                    {
                        "grantee": "GSMUSER_ROLE",
                        "privilege": "CREATE DATABASE LINK"
                    }
                ]
            }
        ],
        "diag": "Configure administrator privileges",
        "how_action": [
            " Action will revoke the admin option weak privileges, grantee set. It is the lists. {'grantee': 'OGG_CAPTURE', 'privilege': 'DEQUEUE ANY QUEUE'}, {'grantee': 'OGG_CAPTURE', 'privilege': 'CREATE RULE SET'}, {'grantee': 'OGG_CAPTURE', 'privilege': 'CREATE RULE'}, {'grantee': 'OGG_CAPTURE', 'privilege': 'CREATE EVALUATION CONTEXT'}, {'grantee': 'DV_ACCTMGR', 'privilege': 'CREATE SESSION'}, {'grantee': 'OGG_APPLY', 'privilege': 'CREATE RULE'}, {'grantee': 'OGG_APPLY', 'privilege': 'CREATE RULE SET'}, {'grantee': 'OGG_APPLY', 'privilege': 'DEQUEUE ANY QUEUE'}, {'grantee': 'OGG_APPLY', 'privilege': 'CREATE EVALUATION CONTEXT'}, {'grantee': 'XSTREAM_CAPTURE', 'privilege': 'CREATE RULE'}, {'grantee': 'XSTREAM_CAPTURE', 'privilege': 'DEQUEUE ANY QUEUE'}, {'grantee': 'XSTREAM_CAPTURE', 'privilege': 'CREATE EVALUATION CONTEXT'}, {'grantee': 'XSTREAM_CAPTURE', 'privilege': 'CREATE RULE SET'}, {'grantee': 'GSMADMIN_INTERNAL', 'privilege': 'ALTER DATABASE LINK'}, {'grantee': 'GSMADMIN_INTERNAL', 'privilege': 'CREATE SESSION'}, {'grantee': 'GSMADMIN_INTERNAL', 'privilege': 'CREATE DATABASE LINK'}, {'grantee': 'XSTREAM_APPLY', 'privilege': 'CREATE RULE'}, {'grantee': 'XSTREAM_APPLY', 'privilege': 'CREATE RULE SET'}, {'grantee': 'XSTREAM_APPLY', 'privilege': 'CREATE EVALUATION CONTEXT'}, {'grantee': 'XSTREAM_APPLY', 'privilege': 'DEQUEUE ANY QUEUE'}, {'grantee': 'SYSKM', 'privilege': 'ADMINISTER KEY MANAGEMENT'}, {'grantee': 'GSMUSER_ROLE', 'privilege': 'CREATE DATABASE LINK'} Do you want to proceed? "
        ],
        "num": 4,
        "reason": [
            "There are some grantees with admin privileges. "
        ],
        "weak": true
    }
}

PLAY RECAP *********************************************************************
10.0.2.11                  : ok=19   changed=3    unreachable=0    failed=0    skipped=6    rescued=0    ignored=0   

