
PLAY [checklist 7] *************************************************************

TASK [Gathering Facts] *********************************************************
ok: [10.0.2.11]

TASK [set_fact] ****************************************************************
ok: [10.0.2.11]

TASK [debug] *******************************************************************
ok: [10.0.2.11] => {
    "diag": "Set listener password"
}

TASK [debug] *******************************************************************
ok: [10.0.2.11] => {
    "num": 7
}

TASK [SQL shell] ***************************************************************
changed: [10.0.2.11]

TASK [set_fact] ****************************************************************
ok: [10.0.2.11]

TASK [debug] *******************************************************************
ok: [10.0.2.11] => {
    "weak": true
}

TASK [set_fact] ****************************************************************
ok: [10.0.2.11]

TASK [debug] *******************************************************************
skipping: [10.0.2.11]

TASK [set_fact] ****************************************************************
skipping: [10.0.2.11]

TASK [copy] ********************************************************************
skipping: [10.0.2.11]

TASK [debug] *******************************************************************
ok: [10.0.2.11] => {
    "msg": "취약"
}

TASK [set_fact] ****************************************************************
ok: [10.0.2.11]

TASK [copy] ********************************************************************
ok: [10.0.2.11 -> localhost]

TASK [debug] *******************************************************************
skipping: [10.0.2.11]

TASK [set_fact] ****************************************************************
skipping: [10.0.2.11]

TASK [copy] ********************************************************************
skipping: [10.0.2.11]

TASK [debug] *******************************************************************
ok: [10.0.2.11] => {
    "result": {
        "bypass": [
            {
                "weak_port": [
                    "new_port"
                ]
            }
        ],
        "diag": "Set listener password",
        "dual_second": [
            "enter",
            "new_port"
        ],
        "dual_select": [
            {
                "1": "enter",
                "2": "Temporary"
            }
        ],
        "how_action": [
            "Action will be changed to a new port. Do you want to proceed? "
        ],
        "num": 7,
        "reason": [
            "As it is a well-known port, Port 1539 for listener file is set to the default configuration."
        ],
        "weak": true
    }
}

PLAY RECAP *********************************************************************
10.0.2.11                  : ok=12   changed=1    unreachable=0    failed=0    skipped=6    rescued=0    ignored=0   

