
PLAY [checklist 9] *************************************************************

TASK [Gathering Facts] *********************************************************
ok: [10.0.2.11]

TASK [set_fact] ****************************************************************
ok: [10.0.2.11]

TASK [debug] *******************************************************************
ok: [10.0.2.11] => {
    "diag": "Configure DBA account roles"
}

TASK [debug] *******************************************************************
ok: [10.0.2.11] => {
    "num": 9
}

TASK [role check] **************************************************************
changed: [10.0.2.11]

TASK [public system privilege check] *******************************************
changed: [10.0.2.11]

TASK [public, execute table-name] **********************************************
changed: [10.0.2.11]

TASK [set_fact] ****************************************************************
ok: [10.0.2.11]

TASK [set_fact] ****************************************************************
ok: [10.0.2.11]

TASK [debug] *******************************************************************
ok: [10.0.2.11] => {
    "msg": [
        "DBMS_LOB",
        "UTL_TCP",
        "UTL_HTTP",
        "UTL_FILE",
        "UTL_INADDR",
        "UTL_SMTP",
        "DBMS_JOB",
        "DBMS_RANDOM"
    ]
}

TASK [set_fact] ****************************************************************
ok: [10.0.2.11]

TASK [debug] *******************************************************************
ok: [10.0.2.11] => {
    "weak": true
}

TASK [debug] *******************************************************************
skipping: [10.0.2.11]

TASK [set_fact] ****************************************************************
skipping: [10.0.2.11]

TASK [copy] ********************************************************************
skipping: [10.0.2.11]

TASK [debug] *******************************************************************
ok: [10.0.2.11] => {
    "msg": "취약"
}

TASK [set_fact] ****************************************************************
ok: [10.0.2.11]

TASK [copy] ********************************************************************
ok: [10.0.2.11 -> localhost]

TASK [debug] *******************************************************************
skipping: [10.0.2.11]

TASK [set_fact] ****************************************************************
skipping: [10.0.2.11]

TASK [copy] ********************************************************************
skipping: [10.0.2.11]

TASK [debug] *******************************************************************
ok: [10.0.2.11] => {
    "result": {
        "bypass": [
            {
                "weak_table": [
                    "DBMS_LOB",
                    "UTL_TCP",
                    "UTL_HTTP",
                    "UTL_FILE",
                    "UTL_INADDR",
                    "UTL_SMTP",
                    "DBMS_JOB",
                    "DBMS_RANDOM"
                ]
            }
        ],
        "diag": "Configure DBA account roles",
        "how_action": [
            " Action will restrict the Role setting of the DBA account from Public. Do you want to proceed? "
        ],
        "num": 9,
        "reason": [
            "The Role of the DBA account named DBMS_LOB, UTL_TCP, UTL_HTTP, UTL_FILE, UTL_INADDR, UTL_SMTP, DBMS_JOB, DBMS_RANDOM set to Public."
        ],
        "weak": true
    }
}

PLAY RECAP *********************************************************************
10.0.2.11                  : ok=16   changed=3    unreachable=0    failed=0    skipped=6    rescued=0    ignored=0   

